# JRE version: Java(TM) SE Runtime Environment (8.0_101-b13) (build 1.8.0_101-b13)
# Java VM: Java HotSpot(TM) Client VM (25.101-b13 mixed mode windows-x86 )
Heap:
 def new generation   total 4992K, used 756K [0x03e00000, 0x04360000, 0x19350000)
  eden space 4480K,   6% used [0x03e00000, 0x03e4c1e8, 0x04260000)
  from space 512K,  88% used [0x04260000, 0x042d0e20, 0x042e0000)
  to   space 512K,   0% used [0x042e0000, 0x042e0000, 0x04360000)
 tenured generation   total 10944K, used 4147K [0x19350000, 0x19e00000, 0x43e00000)
   the space 10944K,  37% used [0x19350000, 0x1975ce18, 0x1975d000, 0x19e00000)
 Metaspace       used 6992K, capacity 7240K, committed 7296K, reserved 8576K
GC Heap History (10 events):
Event: 3.061 GC heap before
{Heap before GC invocations=7 (full 0):
 def new generation   total 4928K, used 1862K [0x03e00000, 0x04350000, 0x19350000)
  eden space 4416K,  30% used [0x03e00000, 0x03f51b98, 0x04250000)
  from space 512K, 100% used [0x042d0000, 0x04350000, 0x04350000)
  to   space 512K,   0% used [0x04250000, 0x04250000, 0x042d0000)
 tenured generation   total 10944K, used 2518K [0x19350000, 0x19e00000, 0x43e00000)
   the space 10944K,  23% used [0x19350000, 0x195c5a10, 0x195c5c00, 0x19e00000)
 Metaspace       used 4635K, capacity 4680K, committed 4736K, reserved 7552K
Event: 3.068 GC heap after
Heap after GC invocations=8 (full 1):
 def new generation   total 4992K, used 0K [0x03e00000, 0x04360000, 0x19350000)
  eden space 4480K,   0% used [0x03e00000, 0x03e00000, 0x04260000)
  from space 512K,   0% used [0x04260000, 0x04260000, 0x042e0000)
  to   space 512K,   0% used [0x042e0000, 0x042e0000, 0x04360000)
 tenured generation   total 10944K, used 2838K [0x19350000, 0x19e00000, 0x43e00000)
   the space 10944K,  25% used [0x19350000, 0x19615be8, 0x19615c00, 0x19e00000)
 Metaspace       used 4635K, capacity 4680K, committed 4736K, reserved 6528K
}
Event: 6.978 GC heap before
{Heap before GC invocations=8 (full 1):
 def new generation   total 4992K, used 4480K [0x03e00000, 0x04360000, 0x19350000)
  eden space 4480K, 100% used [0x03e00000, 0x04260000, 0x04260000)
  from space 512K,   0% used [0x04260000, 0x04260000, 0x042e0000)
  to   space 512K,   0% used [0x042e0000, 0x042e0000, 0x04360000)
 tenured generation   total 10944K, used 2838K [0x19350000, 0x19e00000, 0x43e00000)
   the space 10944K,  25% used [0x19350000, 0x19615be8, 0x19615c00, 0x19e00000)
 Metaspace       used 5976K, capacity 6148K, committed 6272K, reserved 7552K
Event: 6.981 GC heap after
Heap after GC invocations=9 (full 1):
 def new generation   total 4992K, used 512K [0x03e00000, 0x04360000, 0x19350000)
  eden space 4480K,   0% used [0x03e00000, 0x03e00000, 0x04260000)
  from space 512K, 100% used [0x042e0000, 0x04360000, 0x04360000)
  to   space 512K,   0% used [0x04260000, 0x04260000, 0x042e0000)
 tenured generation   total 10944K, used 2998K [0x19350000, 0x19e00000, 0x43e00000)
   the space 10944K,  27% used [0x19350000, 0x1963d928, 0x1963da00, 0x19e00000)
 Metaspace       used 5976K, capacity 6148K, committed 6272K, reserved 7552K
}
Event: 7.156 GC heap before
{Heap before GC invocations=9 (full 1):
 def new generation   total 4992K, used 4992K [0x03e00000, 0x04360000, 0x19350000)
  eden space 4480K, 100% used [0x03e00000, 0x04260000, 0x04260000)
  from space 512K, 100% used [0x042e0000, 0x04360000, 0x04360000)
  to   space 512K,   0% used [0x04260000, 0x04260000, 0x042e0000)
 tenured generation   total 10944K, used 2998K [0x19350000, 0x19e00000, 0x43e00000)
   the space 10944K,  27% used [0x19350000, 0x1963d928, 0x1963da00, 0x19e00000)
 Metaspace       used 6514K, capacity 6728K, committed 6784K, reserved 7552K
Event: 7.160 GC heap after
Heap after GC invocations=10 (full 1):
 def new generation   total 4992K, used 512K [0x03e00000, 0x04360000, 0x19350000)
  eden space 4480K,   0% used [0x03e00000, 0x03e00000, 0x04260000)
  from space 512K, 100% used [0x04260000, 0x042e0000, 0x042e0000)
  to   space 512K,   0% used [0x042e0000, 0x042e0000, 0x04360000)
 tenured generation   total 10944K, used 3762K [0x19350000, 0x19e00000, 0x43e00000)
   the space 10944K,  34% used [0x19350000, 0x196fc828, 0x196fca00, 0x19e00000)
 Metaspace       used 6514K, capacity 6728K, committed 6784K, reserved 7552K
}
Event: 7.384 GC heap before
{Heap before GC invocations=10 (full 1):
 def new generation   total 4992K, used 4992K [0x03e00000, 0x04360000, 0x19350000)
  eden space 4480K, 100% used [0x03e00000, 0x04260000, 0x04260000)
  from space 512K, 100% used [0x04260000, 0x042e0000, 0x042e0000)
  to   space 512K,   0% used [0x042e0000, 0x042e0000, 0x04360000)
 tenured generation   total 10944K, used 3762K [0x19350000, 0x19e00000, 0x43e00000)
   the space 10944K,  34% used [0x19350000, 0x196fc828, 0x196fca00, 0x19e00000)
 Metaspace       used 6704K, capacity 6920K, committed 7040K, reserved 8576K
Event: 7.386 GC heap after
Heap after GC invocations=11 (full 1):
 def new generation   total 4992K, used 477K [0x03e00000, 0x04360000, 0x19350000)
  eden space 4480K,   0% used [0x03e00000, 0x03e00000, 0x04260000)
  from space 512K,  93% used [0x042e0000, 0x043577a8, 0x04360000)
  to   space 512K,   0% used [0x04260000, 0x04260000, 0x042e0000)
 tenured generation   total 10944K, used 4042K [0x19350000, 0x19e00000, 0x43e00000)
   the space 10944K,  36% used [0x19350000, 0x19742b00, 0x19742c00, 0x19e00000)
 Metaspace       used 6704K, capacity 6920K, committed 7040K, reserved 8576K
}
Event: 7.513 GC heap before
{Heap before GC invocations=11 (full 1):
 def new generation   total 4992K, used 4953K [0x03e00000, 0x04360000, 0x19350000)
  eden space 4480K,  99% used [0x03e00000, 0x0425ede0, 0x04260000)
  from space 512K,  93% used [0x042e0000, 0x043577a8, 0x04360000)
  to   space 512K,   0% used [0x04260000, 0x04260000, 0x042e0000)
 tenured generation   total 10944K, used 4042K [0x19350000, 0x19e00000, 0x43e00000)
   the space 10944K,  36% used [0x19350000, 0x19742b00, 0x19742c00, 0x19e00000)
 Metaspace       used 6990K, capacity 7240K, committed 7296K, reserved 8576K
Event: 7.515 GC heap after
Heap after GC invocations=12 (full 1):
 def new generation   total 4992K, used 451K [0x03e00000, 0x04360000, 0x19350000)
  eden space 4480K,   0% used [0x03e00000, 0x03e00000, 0x04260000)
  from space 512K,  88% used [0x04260000, 0x042d0e20, 0x042e0000)
  to   space 512K,   0% used [0x042e0000, 0x042e0000, 0x04360000)
 tenured generation   total 10944K, used 4147K [0x19350000, 0x19e00000, 0x43e00000)
   the space 10944K,  37% used [0x19350000, 0x1975ce18, 0x1975d000, 0x19e00000)
 Metaspace       used 6990K, capacity 7240K, committed 7296K, reserved 8576K
}

